0 info it worked if it ends with ok
1 verbose cli [ 'C:\\Program Files\\nodejs\\node.exe',
1 verbose cli   'C:\\Program Files\\nodejs\\node_modules\\npm\\bin\\npm-cli.js',
1 verbose cli   'run',
1 verbose cli   'debug' ]
2 info using npm@3.3.12
3 info using node@v5.4.0
4 verbose run-script [ 'predebug', 'debug', 'postdebug' ]
5 info lifecycle ES2015@1.0.0~predebug: ES2015@1.0.0
6 silly lifecycle ES2015@1.0.0~predebug: no script for predebug, continuing
7 info lifecycle ES2015@1.0.0~debug: ES2015@1.0.0
8 verbose lifecycle ES2015@1.0.0~debug: unsafe-perm in lifecycle true
9 verbose lifecycle ES2015@1.0.0~debug: PATH: C:\Program Files\nodejs\node_modules\npm\bin\node-gyp-bin;c:\local\ES2015\node_modules\.bin;C:\Windows\system32;C:\Windows;C:\Windows\System32\Wbem;C:\Windows\System32\WindowsPowerShell\v1.0\;C:\Program Files\nodejs\;c:\php;C:\HashiCorp\Vagrant\bin;C:\Program Files\Git\cmd;c:\Users\amar.bhamra\AppData\Roaming\npm;C:\Program Files (x86)\Microsoft VS Code\bin;C:\Program Files\Java\jdk1.7.0_80\bin
10 verbose lifecycle ES2015@1.0.0~debug: CWD: c:\local\ES2015
11 silly lifecycle ES2015@1.0.0~debug: Args: [ '/d /s /c', 'node --nolazy --debug-brk=5858 src/app.es6' ]
12 silly lifecycle ES2015@1.0.0~debug: Returned: code: 1  signal: null
13 info lifecycle ES2015@1.0.0~debug: Failed to exec debug script
14 verbose stack Error: ES2015@1.0.0 debug: `node --nolazy --debug-brk=5858 src/app.es6`
14 verbose stack Exit status 1
14 verbose stack     at EventEmitter.<anonymous> (C:\Program Files\nodejs\node_modules\npm\lib\utils\lifecycle.js:232:16)
14 verbose stack     at emitTwo (events.js:87:13)
14 verbose stack     at EventEmitter.emit (events.js:172:7)
14 verbose stack     at ChildProcess.<anonymous> (C:\Program Files\nodejs\node_modules\npm\lib\utils\spawn.js:24:14)
14 verbose stack     at emitTwo (events.js:87:13)
14 verbose stack     at ChildProcess.emit (events.js:172:7)
14 verbose stack     at maybeClose (internal/child_process.js:821:16)
14 verbose stack     at Process.ChildProcess._handle.onexit (internal/child_process.js:211:5)
15 verbose pkgid ES2015@1.0.0
16 verbose cwd c:\local\ES2015
17 error Windows_NT 10.0.10240
18 error argv "C:\\Program Files\\nodejs\\node.exe" "C:\\Program Files\\nodejs\\node_modules\\npm\\bin\\npm-cli.js" "run" "debug"
19 error node v5.4.0
20 error npm  v3.3.12
21 error code ELIFECYCLE
22 error ES2015@1.0.0 debug: `node --nolazy --debug-brk=5858 src/app.es6`
22 error Exit status 1
23 error Failed at the ES2015@1.0.0 debug script 'node --nolazy --debug-brk=5858 src/app.es6'.
23 error Make sure you have the latest version of node.js and npm installed.
23 error If you do, this is most likely a problem with the ES2015 package,
23 error not with npm itself.
23 error Tell the author that this fails on your system:
23 error     node --nolazy --debug-brk=5858 src/app.es6
23 error You can get their info via:
23 error     npm owner ls ES2015
23 error There is likely additional logging output above.
24 verbose exit [ 1, true ]
